../../../.git/annex/objects/mK/qz/SHA256E-s467--888f3208cc0f26c99e4f7afd0c924b9ff8c71630f2a1f1c2753d58d5727fa199.xml/SHA256E-s467--888f3208cc0f26c99e4f7afd0c924b9ff8c71630f2a1f1c2753d58d5727fa199.xml